# JRE version: OpenJDK Runtime Environment (11.0.12+7) (build 11.0.12+7-b1504.28-7817840)
# Java VM: OpenJDK 64-Bit Server VM (11.0.12+7-b1504.28-7817840, mixed mode, tiered, compressed oops, g1 gc, windows-amd64)
Heap:
 garbage-first heap   total 528384K, used 112797K [0x0000000080000000, 0x0000000100000000)
  region size 1024K, 2 young (2048K), 2 survivors (2048K)
 Metaspace       used 111871K, capacity 115111K, committed 115224K, reserved 1148928K
  class space    used 14639K, capacity 15895K, committed 15980K, reserved 1048576K
GC Heap History (20 events):
Event: 1610.105 GC heap after
{Heap after GC invocations=26 (full 0):
 garbage-first heap   total 264192K, used 92160K [0x0000000080000000, 0x0000000100000000)
  region size 1024K, 2 young (2048K), 2 survivors (2048K)
 Metaspace       used 111140K, capacity 114215K, committed 114328K, reserved 1148928K
  class space    used 14583K, capacity 15761K, committed 15852K, reserved 1048576K
}
Event: 1611.041 GC heap before
{Heap before GC invocations=26 (full 0):
 garbage-first heap   total 264192K, used 101376K [0x0000000080000000, 0x0000000100000000)
  region size 1024K, 12 young (12288K), 2 survivors (2048K)
 Metaspace       used 111164K, capacity 114218K, committed 114328K, reserved 1148928K
  class space    used 14583K, capacity 15761K, committed 15852K, reserved 1048576K
}
Event: 1611.343 GC heap after
{Heap after GC invocations=27 (full 0):
 garbage-first heap   total 264192K, used 93388K [0x0000000080000000, 0x0000000100000000)
  region size 1024K, 2 young (2048K), 2 survivors (2048K)
 Metaspace       used 111164K, capacity 114218K, committed 114328K, reserved 1148928K
  class space    used 14583K, capacity 15761K, committed 15852K, reserved 1048576K
}
Event: 1613.814 GC heap before
{Heap before GC invocations=27 (full 0):
 garbage-first heap   total 264192K, used 103628K [0x0000000080000000, 0x0000000100000000)
  region size 1024K, 12 young (12288K), 2 survivors (2048K)
 Metaspace       used 111208K, capacity 114382K, committed 114584K, reserved 1148928K
  class space    used 14587K, capacity 15767K, committed 15852K, reserved 1048576K
}
Event: 1614.146 GC heap after
{Heap after GC invocations=28 (full 0):
 garbage-first heap   total 264192K, used 95486K [0x0000000080000000, 0x0000000100000000)
  region size 1024K, 2 young (2048K), 2 survivors (2048K)
 Metaspace       used 111208K, capacity 114382K, committed 114584K, reserved 1148928K
  class space    used 14587K, capacity 15767K, committed 15852K, reserved 1048576K
}
Event: 1614.985 GC heap before
{Heap before GC invocations=28 (full 0):
 garbage-first heap   total 264192K, used 104702K [0x0000000080000000, 0x0000000100000000)
  region size 1024K, 12 young (12288K), 2 survivors (2048K)
 Metaspace       used 111263K, capacity 114422K, committed 114584K, reserved 1148928K
  class space    used 14592K, capacity 15776K, committed 15852K, reserved 1048576K
}
Event: 1615.449 GC heap after
{Heap after GC invocations=29 (full 0):
 garbage-first heap   total 264192K, used 97367K [0x0000000080000000, 0x0000000100000000)
  region size 1024K, 2 young (2048K), 2 survivors (2048K)
 Metaspace       used 111263K, capacity 114422K, committed 114584K, reserved 1148928K
  class space    used 14592K, capacity 15776K, committed 15852K, reserved 1048576K
}
Event: 1616.781 GC heap before
{Heap before GC invocations=29 (full 0):
 garbage-first heap   total 264192K, used 107607K [0x0000000080000000, 0x0000000100000000)
  region size 1024K, 12 young (12288K), 2 survivors (2048K)
 Metaspace       used 111314K, capacity 114502K, committed 114584K, reserved 1148928K
  class space    used 14594K, capacity 15780K, committed 15852K, reserved 1048576K
}
Event: 1616.921 GC heap after
{Heap after GC invocations=30 (full 0):
 garbage-first heap   total 264192K, used 98159K [0x0000000080000000, 0x0000000100000000)
  region size 1024K, 1 young (1024K), 1 survivors (1024K)
 Metaspace       used 111314K, capacity 114502K, committed 114584K, reserved 1148928K
  class space    used 14594K, capacity 15780K, committed 15852K, reserved 1048576K
}
Event: 1623.815 GC heap before
{Heap before GC invocations=30 (full 0):
 garbage-first heap   total 264192K, used 111471K [0x0000000080000000, 0x0000000100000000)
  region size 1024K, 12 young (12288K), 1 survivors (1024K)
 Metaspace       used 111403K, capacity 114561K, committed 114840K, reserved 1148928K
  class space    used 14606K, capacity 15821K, committed 15852K, reserved 1048576K
}
Event: 1623.962 GC heap after
{Heap after GC invocations=31 (full 0):
 garbage-first heap   total 264192K, used 103584K [0x0000000080000000, 0x0000000100000000)
  region size 1024K, 2 young (2048K), 2 survivors (2048K)
 Metaspace       used 111403K, capacity 114561K, committed 114840K, reserved 1148928K
  class space    used 14606K, capacity 15821K, committed 15852K, reserved 1048576K
}
Event: 1624.763 GC heap before
{Heap before GC invocations=31 (full 0):
 garbage-first heap   total 264192K, used 113824K [0x0000000080000000, 0x0000000100000000)
  region size 1024K, 12 young (12288K), 2 survivors (2048K)
 Metaspace       used 111404K, capacity 114561K, committed 114840K, reserved 1148928K
  class space    used 14606K, capacity 15821K, committed 15852K, reserved 1048576K
}
Event: 1624.802 GC heap after
{Heap after GC invocations=32 (full 0):
 garbage-first heap   total 264192K, used 105847K [0x0000000080000000, 0x0000000100000000)
  region size 1024K, 2 young (2048K), 2 survivors (2048K)
 Metaspace       used 111404K, capacity 114561K, committed 114840K, reserved 1148928K
  class space    used 14606K, capacity 15821K, committed 15852K, reserved 1048576K
}
Event: 1625.340 GC heap before
{Heap before GC invocations=32 (full 0):
 garbage-first heap   total 264192K, used 116087K [0x0000000080000000, 0x0000000100000000)
  region size 1024K, 12 young (12288K), 2 survivors (2048K)
 Metaspace       used 111417K, capacity 114561K, committed 114840K, reserved 1148928K
  class space    used 14606K, capacity 15821K, committed 15852K, reserved 1048576K
}
Event: 1625.430 GC heap after
{Heap after GC invocations=33 (full 0):
 garbage-first heap   total 264192K, used 108544K [0x0000000080000000, 0x0000000100000000)
  region size 1024K, 2 young (2048K), 2 survivors (2048K)
 Metaspace       used 111417K, capacity 114561K, committed 114840K, reserved 1148928K
  class space    used 14606K, capacity 15821K, committed 15852K, reserved 1048576K
}
Event: 1625.751 GC heap before
{Heap before GC invocations=33 (full 0):
 garbage-first heap   total 264192K, used 118784K [0x0000000080000000, 0x0000000100000000)
  region size 1024K, 12 young (12288K), 2 survivors (2048K)
 Metaspace       used 111459K, capacity 114627K, committed 114840K, reserved 1148928K
  class space    used 14606K, capacity 15821K, committed 15852K, reserved 1048576K
}
Event: 1625.777 GC heap after
{Heap after GC invocations=34 (full 0):
 garbage-first heap   total 264192K, used 110875K [0x0000000080000000, 0x0000000100000000)
  region size 1024K, 2 young (2048K), 2 survivors (2048K)
 Metaspace       used 111459K, capacity 114627K, committed 114840K, reserved 1148928K
  class space    used 14606K, capacity 15821K, committed 15852K, reserved 1048576K
}
Event: 1626.483 GC heap before
{Heap before GC invocations=34 (full 0):
 garbage-first heap   total 264192K, used 121115K [0x0000000080000000, 0x0000000100000000)
  region size 1024K, 12 young (12288K), 2 survivors (2048K)
 Metaspace       used 111573K, capacity 114730K, committed 114840K, reserved 1148928K
  class space    used 14614K, capacity 15833K, committed 15852K, reserved 1048576K
}
Event: 1626.643 GC heap after
{Heap after GC invocations=35 (full 0):
 garbage-first heap   total 264192K, used 112110K [0x0000000080000000, 0x0000000100000000)
  region size 1024K, 1 young (1024K), 1 survivors (1024K)
 Metaspace       used 111573K, capacity 114730K, committed 114840K, reserved 1148928K
  class space    used 14614K, capacity 15833K, committed 15852K, reserved 1048576K
}
Event: 1628.160 GC heap before
{Heap before GC invocations=35 (full 0):
 garbage-first heap   total 264192K, used 123374K [0x0000000080000000, 0x0000000100000000)
  region size 1024K, 12 young (12288K), 1 survivors (1024K)
 Metaspace       used 111871K, capacity 115111K, committed 115224K, reserved 1148928K
  class space    used 14639K, capacity 15895K, committed 15980K, reserved 1048576K
}

