# JRE version: OpenJDK Runtime Environment (11.0.12+7) (build 11.0.12+7-b1504.28-7817840)
# Java VM: OpenJDK 64-Bit Server VM (11.0.12+7-b1504.28-7817840, mixed mode, tiered, compressed oops, g1 gc, windows-amd64)
Heap:
 garbage-first heap   total 794624K, used 201407K [0x0000000080000000, 0x0000000100000000)
  region size 1024K, 5 young (5120K), 5 survivors (5120K)
 Metaspace       used 166222K, capacity 170413K, committed 171384K, reserved 1198080K
  class space    used 21206K, capacity 22670K, committed 22912K, reserved 1048576K
GC Heap History (20 events):
Event: 5180.706 GC heap after
{Heap after GC invocations=104 (full 0):
 garbage-first heap   total 220160K, used 204476K [0x0000000080000000, 0x0000000100000000)
  region size 1024K, 2 young (2048K), 2 survivors (2048K)
 Metaspace       used 160796K, capacity 165317K, committed 165624K, reserved 1191936K
  class space    used 20868K, capacity 22457K, committed 22528K, reserved 1048576K
}
Event: 5182.339 GC heap before
{Heap before GC invocations=104 (full 0):
 garbage-first heap   total 220160K, used 212668K [0x0000000080000000, 0x0000000100000000)
  region size 1024K, 10 young (10240K), 2 survivors (2048K)
 Metaspace       used 161484K, capacity 166021K, committed 166136K, reserved 1193984K
  class space    used 20939K, capacity 22521K, committed 22528K, reserved 1048576K
}
Event: 5182.372 GC heap after
{Heap after GC invocations=105 (full 0):
 garbage-first heap   total 220160K, used 205712K [0x0000000080000000, 0x0000000100000000)
  region size 1024K, 1 young (1024K), 1 survivors (1024K)
 Metaspace       used 161484K, capacity 166021K, committed 166136K, reserved 1193984K
  class space    used 20939K, capacity 22521K, committed 22528K, reserved 1048576K
}
Event: 5183.138 GC heap before
{Heap before GC invocations=105 (full 0):
 garbage-first heap   total 220160K, used 214928K [0x0000000080000000, 0x0000000100000000)
  region size 1024K, 10 young (10240K), 1 survivors (1024K)
 Metaspace       used 161829K, capacity 166368K, committed 166520K, reserved 1193984K
  class space    used 20978K, capacity 22574K, committed 22656K, reserved 1048576K
}
Event: 5183.141 GC heap after
{Heap after GC invocations=106 (full 0):
 garbage-first heap   total 220160K, used 206363K [0x0000000080000000, 0x0000000100000000)
  region size 1024K, 2 young (2048K), 2 survivors (2048K)
 Metaspace       used 161829K, capacity 166368K, committed 166520K, reserved 1193984K
  class space    used 20978K, capacity 22574K, committed 22656K, reserved 1048576K
}
Event: 5184.022 GC heap before
{Heap before GC invocations=106 (full 0):
 garbage-first heap   total 220160K, used 216603K [0x0000000080000000, 0x0000000100000000)
  region size 1024K, 10 young (10240K), 2 survivors (2048K)
 Metaspace       used 162034K, capacity 166560K, committed 166776K, reserved 1193984K
  class space    used 20995K, capacity 22574K, committed 22656K, reserved 1048576K
}
Event: 5184.044 GC heap after
{Heap after GC invocations=107 (full 0):
 garbage-first heap   total 221184K, used 208994K [0x0000000080000000, 0x0000000100000000)
  region size 1024K, 2 young (2048K), 2 survivors (2048K)
 Metaspace       used 162034K, capacity 166560K, committed 166776K, reserved 1193984K
  class space    used 20995K, capacity 22574K, committed 22656K, reserved 1048576K
}
Event: 5184.299 GC heap before
{Heap before GC invocations=107 (full 0):
 garbage-first heap   total 221184K, used 220258K [0x0000000080000000, 0x0000000100000000)
  region size 1024K, 8 young (8192K), 2 survivors (2048K)
 Metaspace       used 162069K, capacity 166624K, committed 166776K, reserved 1193984K
  class space    used 20998K, capacity 22574K, committed 22656K, reserved 1048576K
}
Event: 5184.356 GC heap after
{Heap after GC invocations=108 (full 0):
 garbage-first heap   total 224256K, used 207905K [0x0000000080000000, 0x0000000100000000)
  region size 1024K, 1 young (1024K), 1 survivors (1024K)
 Metaspace       used 162069K, capacity 166624K, committed 166776K, reserved 1193984K
  class space    used 20998K, capacity 22574K, committed 22656K, reserved 1048576K
}
Event: 5184.717 GC heap before
{Heap before GC invocations=108 (full 0):
 garbage-first heap   total 224256K, used 216097K [0x0000000080000000, 0x0000000100000000)
  region size 1024K, 10 young (10240K), 1 survivors (1024K)
 Metaspace       used 162087K, capacity 166624K, committed 166776K, reserved 1193984K
  class space    used 20998K, capacity 22574K, committed 22656K, reserved 1048576K
}
Event: 5184.773 GC heap after
{Heap after GC invocations=109 (full 0):
 garbage-first heap   total 462848K, used 209281K [0x0000000080000000, 0x0000000100000000)
  region size 1024K, 2 young (2048K), 2 survivors (2048K)
 Metaspace       used 162087K, capacity 166624K, committed 166776K, reserved 1193984K
  class space    used 20998K, capacity 22574K, committed 22656K, reserved 1048576K
}
Event: 5185.820 GC heap before
{Heap before GC invocations=109 (full 0):
 garbage-first heap   total 462848K, used 255361K [0x0000000080000000, 0x0000000100000000)
  region size 1024K, 31 young (31744K), 2 survivors (2048K)
 Metaspace       used 162386K, capacity 166882K, committed 167032K, reserved 1193984K
  class space    used 21019K, capacity 22613K, committed 22656K, reserved 1048576K
}
Event: 5185.918 GC heap after
{Heap after GC invocations=110 (full 0):
 garbage-first heap   total 462848K, used 211057K [0x0000000080000000, 0x0000000100000000)
  region size 1024K, 4 young (4096K), 4 survivors (4096K)
 Metaspace       used 162386K, capacity 166882K, committed 167032K, reserved 1193984K
  class space    used 21019K, capacity 22613K, committed 22656K, reserved 1048576K
}
Event: 5190.455 GC heap before
{Heap before GC invocations=110 (full 0):
 garbage-first heap   total 462848K, used 238705K [0x0000000080000000, 0x0000000100000000)
  region size 1024K, 34 young (34816K), 4 survivors (4096K)
 Metaspace       used 162625K, capacity 166765K, committed 167800K, reserved 1193984K
  class space    used 20950K, capacity 22414K, committed 22656K, reserved 1048576K
}
Event: 5190.611 GC heap after
{Heap after GC invocations=111 (full 0):
 garbage-first heap   total 462848K, used 214323K [0x0000000080000000, 0x0000000100000000)
  region size 1024K, 5 young (5120K), 5 survivors (5120K)
 Metaspace       used 162625K, capacity 166765K, committed 167800K, reserved 1193984K
  class space    used 20950K, capacity 22414K, committed 22656K, reserved 1048576K
}
Event: 5191.638 GC heap before
{Heap before GC invocations=112 (full 0):
 garbage-first heap   total 462848K, used 246067K [0x0000000080000000, 0x0000000100000000)
  region size 1024K, 37 young (37888K), 5 survivors (5120K)
 Metaspace       used 165523K, capacity 169709K, committed 170872K, reserved 1198080K
  class space    used 21164K, capacity 22606K, committed 22912K, reserved 1048576K
}
Event: 5191.653 GC heap after
{Heap after GC invocations=113 (full 0):
 garbage-first heap   total 462848K, used 219730K [0x0000000080000000, 0x0000000100000000)
  region size 1024K, 5 young (5120K), 5 survivors (5120K)
 Metaspace       used 165523K, capacity 169709K, committed 170872K, reserved 1198080K
  class space    used 21164K, capacity 22606K, committed 22912K, reserved 1048576K
}
Event: 5191.774 GC heap before
{Heap before GC invocations=113 (full 0):
 garbage-first heap   total 462848K, used 236114K [0x0000000080000000, 0x0000000100000000)
  region size 1024K, 22 young (22528K), 5 survivors (5120K)
 Metaspace       used 165910K, capacity 170125K, committed 171128K, reserved 1198080K
  class space    used 21192K, capacity 22638K, committed 22912K, reserved 1048576K
}
Event: 5192.044 GC heap after
{Heap after GC invocations=114 (full 0):
 garbage-first heap   total 462848K, used 199645K [0x0000000080000000, 0x0000000100000000)
  region size 1024K, 3 young (3072K), 3 survivors (3072K)
 Metaspace       used 165910K, capacity 170125K, committed 171128K, reserved 1198080K
  class space    used 21192K, capacity 22638K, committed 22912K, reserved 1048576K
}
Event: 5192.919 GC heap before
{Heap before GC invocations=114 (full 0):
 garbage-first heap   total 462848K, used 245725K [0x0000000080000000, 0x0000000100000000)
  region size 1024K, 48 young (49152K), 3 survivors (3072K)
 Metaspace       used 166222K, capacity 170413K, committed 171384K, reserved 1198080K
  class space    used 21206K, capacity 22670K, committed 22912K, reserved 1048576K
}

