# JRE version: OpenJDK Runtime Environment (11.0.12+7) (build 11.0.12+7-b1504.28-7817840)
# Java VM: OpenJDK 64-Bit Server VM (11.0.12+7-b1504.28-7817840, mixed mode, tiered, compressed oops, g1 gc, windows-amd64)
Heap:
 garbage-first heap   total 220160K, used 121135K [0x0000000080000000, 0x0000000100000000)
  region size 1024K, 9 young (9216K), 3 survivors (3072K)
 Metaspace       used 118289K, capacity 121479K, committed 121600K, reserved 1155072K
  class space    used 14885K, capacity 16096K, committed 16128K, reserved 1048576K
GC Heap History (20 events):
Event: 46.184 GC heap before
{Heap before GC invocations=57 (full 0):
 garbage-first heap   total 220160K, used 98876K [0x0000000080000000, 0x0000000100000000)
  region size 1024K, 10 young (10240K), 1 survivors (1024K)
 Metaspace       used 100984K, capacity 103312K, committed 103552K, reserved 1138688K
  class space    used 12682K, capacity 13545K, committed 13696K, reserved 1048576K
}
Event: 46.188 GC heap after
{Heap after GC invocations=58 (full 0):
 garbage-first heap   total 220160K, used 89633K [0x0000000080000000, 0x0000000100000000)
  region size 1024K, 1 young (1024K), 1 survivors (1024K)
 Metaspace       used 100984K, capacity 103312K, committed 103552K, reserved 1138688K
  class space    used 12682K, capacity 13545K, committed 13696K, reserved 1048576K
}
Event: 47.592 GC heap before
{Heap before GC invocations=58 (full 0):
 garbage-first heap   total 220160K, used 154145K [0x0000000080000000, 0x0000000100000000)
  region size 1024K, 65 young (66560K), 1 survivors (1024K)
 Metaspace       used 102474K, capacity 104825K, committed 105088K, reserved 1140736K
  class space    used 12842K, capacity 13681K, committed 13696K, reserved 1048576K
}
Event: 47.603 GC heap after
{Heap after GC invocations=59 (full 0):
 garbage-first heap   total 220160K, used 95061K [0x0000000080000000, 0x0000000100000000)
  region size 1024K, 7 young (7168K), 7 survivors (7168K)
 Metaspace       used 102474K, capacity 104825K, committed 105088K, reserved 1140736K
  class space    used 12842K, capacity 13681K, committed 13696K, reserved 1048576K
}
Event: 48.953 GC heap before
{Heap before GC invocations=59 (full 0):
 garbage-first heap   total 220160K, used 159573K [0x0000000080000000, 0x0000000100000000)
  region size 1024K, 71 young (72704K), 7 survivors (7168K)
 Metaspace       used 102866K, capacity 105266K, committed 105472K, reserved 1140736K
  class space    used 12872K, capacity 13725K, committed 13824K, reserved 1048576K
}
Event: 48.964 GC heap after
{Heap after GC invocations=60 (full 0):
 garbage-first heap   total 220160K, used 101046K [0x0000000080000000, 0x0000000100000000)
  region size 1024K, 6 young (6144K), 6 survivors (6144K)
 Metaspace       used 102866K, capacity 105266K, committed 105472K, reserved 1140736K
  class space    used 12872K, capacity 13725K, committed 13824K, reserved 1048576K
}
Event: 49.780 GC heap before
{Heap before GC invocations=60 (full 0):
 garbage-first heap   total 220160K, used 164534K [0x0000000080000000, 0x0000000100000000)
  region size 1024K, 69 young (70656K), 6 survivors (6144K)
 Metaspace       used 110404K, capacity 113121K, committed 113408K, reserved 1146880K
  class space    used 13965K, capacity 14980K, committed 15104K, reserved 1048576K
}
Event: 49.791 GC heap after
{Heap after GC invocations=61 (full 0):
 garbage-first heap   total 220160K, used 106459K [0x0000000080000000, 0x0000000100000000)
  region size 1024K, 6 young (6144K), 6 survivors (6144K)
 Metaspace       used 110404K, capacity 113121K, committed 113408K, reserved 1146880K
  class space    used 13965K, capacity 14980K, committed 15104K, reserved 1048576K
}
Event: 50.555 GC heap before
{Heap before GC invocations=61 (full 0):
 garbage-first heap   total 220160K, used 169947K [0x0000000080000000, 0x0000000100000000)
  region size 1024K, 69 young (70656K), 6 survivors (6144K)
 Metaspace       used 115413K, capacity 118447K, committed 118528K, reserved 1153024K
  class space    used 14668K, capacity 15808K, committed 15872K, reserved 1048576K
}
Event: 50.565 GC heap after
{Heap after GC invocations=62 (full 0):
 garbage-first heap   total 220160K, used 111227K [0x0000000080000000, 0x0000000100000000)
  region size 1024K, 5 young (5120K), 5 survivors (5120K)
 Metaspace       used 115413K, capacity 118447K, committed 118528K, reserved 1153024K
  class space    used 14668K, capacity 15808K, committed 15872K, reserved 1048576K
}
Event: 51.285 GC heap before
{Heap before GC invocations=62 (full 0):
 garbage-first heap   total 220160K, used 175739K [0x0000000080000000, 0x0000000100000000)
  region size 1024K, 68 young (69632K), 5 survivors (5120K)
 Metaspace       used 116425K, capacity 119433K, committed 119552K, reserved 1153024K
  class space    used 14708K, capacity 15868K, committed 15872K, reserved 1048576K
}
Event: 51.298 GC heap after
{Heap after GC invocations=63 (full 0):
 garbage-first heap   total 220160K, used 114410K [0x0000000080000000, 0x0000000100000000)
  region size 1024K, 8 young (8192K), 8 survivors (8192K)
 Metaspace       used 116425K, capacity 119433K, committed 119552K, reserved 1153024K
  class space    used 14708K, capacity 15868K, committed 15872K, reserved 1048576K
}
Event: 51.609 GC heap before
{Heap before GC invocations=63 (full 0):
 garbage-first heap   total 220160K, used 177898K [0x0000000080000000, 0x0000000100000000)
  region size 1024K, 70 young (71680K), 8 survivors (8192K)
 Metaspace       used 116843K, capacity 119890K, committed 120192K, reserved 1153024K
  class space    used 14756K, capacity 15934K, committed 16000K, reserved 1048576K
}
Event: 51.619 GC heap after
{Heap after GC invocations=64 (full 0):
 garbage-first heap   total 220160K, used 115507K [0x0000000080000000, 0x0000000100000000)
  region size 1024K, 6 young (6144K), 6 survivors (6144K)
 Metaspace       used 116843K, capacity 119890K, committed 120192K, reserved 1153024K
  class space    used 14756K, capacity 15934K, committed 16000K, reserved 1048576K
}
Event: 51.872 GC heap before
{Heap before GC invocations=64 (full 0):
 garbage-first heap   total 220160K, used 180019K [0x0000000080000000, 0x0000000100000000)
  region size 1024K, 69 young (70656K), 6 survivors (6144K)
 Metaspace       used 116941K, capacity 119996K, committed 120192K, reserved 1153024K
  class space    used 14773K, capacity 15948K, committed 16000K, reserved 1048576K
}
Event: 51.882 GC heap after
{Heap after GC invocations=65 (full 0):
 garbage-first heap   total 220160K, used 115924K [0x0000000080000000, 0x0000000100000000)
  region size 1024K, 3 young (3072K), 3 survivors (3072K)
 Metaspace       used 116941K, capacity 119996K, committed 120192K, reserved 1153024K
  class space    used 14773K, capacity 15948K, committed 16000K, reserved 1048576K
}
Event: 52.139 GC heap before
{Heap before GC invocations=65 (full 0):
 garbage-first heap   total 220160K, used 181460K [0x0000000080000000, 0x0000000100000000)
  region size 1024K, 67 young (68608K), 3 survivors (3072K)
 Metaspace       used 117391K, capacity 120468K, committed 120704K, reserved 1155072K
  class space    used 14789K, capacity 15951K, committed 16000K, reserved 1048576K
}
Event: 52.142 GC heap after
{Heap after GC invocations=66 (full 0):
 garbage-first heap   total 220160K, used 115554K [0x0000000080000000, 0x0000000100000000)
  region size 1024K, 3 young (3072K), 3 survivors (3072K)
 Metaspace       used 117391K, capacity 120468K, committed 120704K, reserved 1155072K
  class space    used 14789K, capacity 15951K, committed 16000K, reserved 1048576K
}
Event: 52.407 GC heap before
{Heap before GC invocations=66 (full 0):
 garbage-first heap   total 220160K, used 183138K [0x0000000080000000, 0x0000000100000000)
  region size 1024K, 69 young (70656K), 3 survivors (3072K)
 Metaspace       used 117961K, capacity 121169K, committed 121344K, reserved 1155072K
  class space    used 14863K, capacity 16087K, committed 16128K, reserved 1048576K
}
Event: 52.411 GC heap after
{Heap after GC invocations=67 (full 0):
 garbage-first heap   total 220160K, used 116436K [0x0000000080000000, 0x0000000100000000)
  region size 1024K, 3 young (3072K), 3 survivors (3072K)
 Metaspace       used 117961K, capacity 121169K, committed 121344K, reserved 1155072K
  class space    used 14863K, capacity 16087K, committed 16128K, reserved 1048576K
}

