# JRE version: OpenJDK Runtime Environment (11.0.12+7) (build 11.0.12+7-b1504.28-7817840)
# Java VM: OpenJDK 64-Bit Server VM (11.0.12+7-b1504.28-7817840, mixed mode, tiered, compressed oops, g1 gc, windows-amd64)
Heap:
 garbage-first heap   total 220160K, used 145693K [0x0000000080000000, 0x0000000100000000)
  region size 1024K, 10 young (10240K), 2 survivors (2048K)
 Metaspace       used 113182K, capacity 115813K, committed 116524K, reserved 1150976K
  class space    used 14225K, capacity 15227K, committed 15436K, reserved 1048576K
GC Heap History (20 events):
Event: 153.443 GC heap after
{Heap after GC invocations=34 (full 0):
 garbage-first heap   total 220160K, used 123394K [0x0000000080000000, 0x0000000100000000)
  region size 1024K, 6 young (6144K), 6 survivors (6144K)
 Metaspace       used 107049K, capacity 109661K, committed 109868K, reserved 1144832K
  class space    used 13682K, capacity 14624K, committed 14668K, reserved 1048576K
}
Event: 174.037 GC heap before
{Heap before GC invocations=34 (full 0):
 garbage-first heap   total 220160K, used 185858K [0x0000000080000000, 0x0000000100000000)
  region size 1024K, 67 young (68608K), 6 survivors (6144K)
 Metaspace       used 107985K, capacity 110626K, committed 110764K, reserved 1144832K
  class space    used 13767K, capacity 14723K, committed 14796K, reserved 1048576K
}
Event: 174.045 GC heap after
{Heap after GC invocations=35 (full 0):
 garbage-first heap   total 220160K, used 125479K [0x0000000080000000, 0x0000000100000000)
  region size 1024K, 5 young (5120K), 5 survivors (5120K)
 Metaspace       used 107985K, capacity 110626K, committed 110764K, reserved 1144832K
  class space    used 13767K, capacity 14723K, committed 14796K, reserved 1048576K
}
Event: 2366.016 GC heap before
{Heap before GC invocations=36 (full 0):
 garbage-first heap   total 220160K, used 185895K [0x0000000080000000, 0x0000000100000000)
  region size 1024K, 65 young (66560K), 5 survivors (5120K)
 Metaspace       used 108978K, capacity 111887K, committed 112172K, reserved 1146880K
  class space    used 13862K, capacity 14878K, committed 14924K, reserved 1048576K
}
Event: 2366.063 GC heap after
{Heap after GC invocations=37 (full 0):
 garbage-first heap   total 220160K, used 126301K [0x0000000080000000, 0x0000000100000000)
  region size 1024K, 4 young (4096K), 4 survivors (4096K)
 Metaspace       used 108978K, capacity 111887K, committed 112172K, reserved 1146880K
  class space    used 13862K, capacity 14878K, committed 14924K, reserved 1048576K
}
Event: 5142.010 GC heap before
{Heap before GC invocations=37 (full 0):
 garbage-first heap   total 220160K, used 186717K [0x0000000080000000, 0x0000000100000000)
  region size 1024K, 64 young (65536K), 4 survivors (4096K)
 Metaspace       used 109143K, capacity 112033K, committed 112172K, reserved 1146880K
  class space    used 13877K, capacity 14896K, committed 14924K, reserved 1048576K
}
Event: 5142.092 GC heap after
{Heap after GC invocations=38 (full 0):
 garbage-first heap   total 220160K, used 126892K [0x0000000080000000, 0x0000000100000000)
  region size 1024K, 4 young (4096K), 4 survivors (4096K)
 Metaspace       used 109143K, capacity 112033K, committed 112172K, reserved 1146880K
  class space    used 13877K, capacity 14896K, committed 14924K, reserved 1048576K
}
Event: 5143.878 GC heap before
{Heap before GC invocations=39 (full 0):
 garbage-first heap   total 220160K, used 187308K [0x0000000080000000, 0x0000000100000000)
  region size 1024K, 64 young (65536K), 4 survivors (4096K)
 Metaspace       used 110037K, capacity 112714K, committed 113708K, reserved 1148928K
  class space    used 13885K, capacity 14798K, committed 15180K, reserved 1048576K
}
Event: 5143.896 GC heap after
{Heap after GC invocations=40 (full 0):
 garbage-first heap   total 220160K, used 132752K [0x0000000080000000, 0x0000000100000000)
  region size 1024K, 8 young (8192K), 8 survivors (8192K)
 Metaspace       used 110037K, capacity 112714K, committed 113708K, reserved 1148928K
  class space    used 13885K, capacity 14798K, committed 15180K, reserved 1048576K
}
Event: 5143.945 GC heap before
{Heap before GC invocations=40 (full 0):
 garbage-first heap   total 220160K, used 134800K [0x0000000080000000, 0x0000000100000000)
  region size 1024K, 10 young (10240K), 8 survivors (8192K)
 Metaspace       used 110156K, capacity 112822K, committed 113964K, reserved 1148928K
  class space    used 13901K, capacity 14834K, committed 15180K, reserved 1048576K
}
Event: 5143.980 GC heap after
{Heap after GC invocations=41 (full 0):
 garbage-first heap   total 220160K, used 130460K [0x0000000080000000, 0x0000000100000000)
  region size 1024K, 2 young (2048K), 2 survivors (2048K)
 Metaspace       used 110156K, capacity 112822K, committed 113964K, reserved 1148928K
  class space    used 13901K, capacity 14834K, committed 15180K, reserved 1048576K
}
Event: 5146.478 GC heap before
{Heap before GC invocations=41 (full 0):
 garbage-first heap   total 220160K, used 183708K [0x0000000080000000, 0x0000000100000000)
  region size 1024K, 55 young (56320K), 2 survivors (2048K)
 Metaspace       used 111963K, capacity 114773K, committed 115372K, reserved 1148928K
  class space    used 14122K, capacity 15135K, committed 15308K, reserved 1048576K
}
Event: 5146.487 GC heap after
{Heap after GC invocations=42 (full 0):
 garbage-first heap   total 220160K, used 134176K [0x0000000080000000, 0x0000000100000000)
  region size 1024K, 5 young (5120K), 5 survivors (5120K)
 Metaspace       used 111963K, capacity 114773K, committed 115372K, reserved 1148928K
  class space    used 14122K, capacity 15135K, committed 15308K, reserved 1048576K
}
Event: 5156.265 GC heap before
{Heap before GC invocations=43 (full 0):
 garbage-first heap   total 220160K, used 184352K [0x0000000080000000, 0x0000000100000000)
  region size 1024K, 55 young (56320K), 5 survivors (5120K)
 Metaspace       used 113058K, capacity 115691K, committed 116268K, reserved 1150976K
  class space    used 14226K, capacity 15228K, committed 15436K, reserved 1048576K
}
Event: 5157.269 GC heap after
{Heap after GC invocations=44 (full 0):
 garbage-first heap   total 220160K, used 136873K [0x0000000080000000, 0x0000000100000000)
  region size 1024K, 4 young (4096K), 4 survivors (4096K)
 Metaspace       used 113058K, capacity 115691K, committed 116268K, reserved 1150976K
  class space    used 14226K, capacity 15228K, committed 15436K, reserved 1048576K
}
Event: 5160.861 GC heap before
{Heap before GC invocations=44 (full 0):
 garbage-first heap   total 220160K, used 143017K [0x0000000080000000, 0x0000000100000000)
  region size 1024K, 10 young (10240K), 4 survivors (4096K)
 Metaspace       used 113115K, capacity 115755K, committed 116524K, reserved 1150976K
  class space    used 14226K, capacity 15228K, committed 15436K, reserved 1048576K
}
Event: 5161.320 GC heap after
{Heap after GC invocations=45 (full 0):
 garbage-first heap   total 220160K, used 133430K [0x0000000080000000, 0x0000000100000000)
  region size 1024K, 2 young (2048K), 2 survivors (2048K)
 Metaspace       used 113115K, capacity 115755K, committed 116524K, reserved 1150976K
  class space    used 14226K, capacity 15228K, committed 15436K, reserved 1048576K
}
Event: 5162.166 GC heap before
{Heap before GC invocations=45 (full 0):
 garbage-first heap   total 220160K, used 140598K [0x0000000080000000, 0x0000000100000000)
  region size 1024K, 10 young (10240K), 2 survivors (2048K)
 Metaspace       used 113139K, capacity 115755K, committed 116524K, reserved 1150976K
  class space    used 14226K, capacity 15228K, committed 15436K, reserved 1048576K
}
Event: 5162.896 GC heap after
{Heap after GC invocations=46 (full 0):
 garbage-first heap   total 220160K, used 132096K [0x0000000080000000, 0x0000000100000000)
  region size 1024K, 2 young (2048K), 2 survivors (2048K)
 Metaspace       used 113139K, capacity 115755K, committed 116524K, reserved 1150976K
  class space    used 14226K, capacity 15228K, committed 15436K, reserved 1048576K
}
Event: 5164.423 GC heap before
{Heap before GC invocations=46 (full 0):
 garbage-first heap   total 220160K, used 140288K [0x0000000080000000, 0x0000000100000000)
  region size 1024K, 10 young (10240K), 2 survivors (2048K)
 Metaspace       used 113156K, capacity 115755K, committed 116524K, reserved 1150976K
  class space    used 14226K, capacity 15228K, committed 15436K, reserved 1048576K
}

