# JRE version: OpenJDK Runtime Environment (11.0.12+7) (build 11.0.12+7-b1504.28-7817840)
# Java VM: OpenJDK 64-Bit Server VM (11.0.12+7-b1504.28-7817840, mixed mode, tiered, compressed oops, g1 gc, windows-amd64)
Heap:
 garbage-first heap   total 862208K, used 246491K [0x0000000080000000, 0x0000000100000000)
  region size 1024K, 2 young (2048K), 2 survivors (2048K)
 Metaspace       used 141478K, capacity 145630K, committed 145868K, reserved 1175552K
  class space    used 17847K, capacity 19361K, committed 19404K, reserved 1048576K
GC Heap History (20 events):
Event: 387.639 GC heap after
{Heap after GC invocations=69 (full 0):
 garbage-first heap   total 292864K, used 169133K [0x0000000080000000, 0x0000000100000000)
  region size 1024K, 1 young (1024K), 1 survivors (1024K)
 Metaspace       used 138106K, capacity 142082K, committed 142156K, reserved 1173504K
  class space    used 17573K, capacity 19009K, committed 19020K, reserved 1048576K
}
Event: 389.202 GC heap before
{Heap before GC invocations=70 (full 0):
 garbage-first heap   total 292864K, used 236717K [0x0000000080000000, 0x0000000100000000)
  region size 1024K, 67 young (68608K), 1 survivors (1024K)
 Metaspace       used 138085K, capacity 141894K, committed 142412K, reserved 1173504K
  class space    used 17502K, capacity 18880K, committed 19020K, reserved 1048576K
}
Event: 389.207 GC heap after
{Heap after GC invocations=71 (full 0):
 garbage-first heap   total 292864K, used 169590K [0x0000000080000000, 0x0000000100000000)
  region size 1024K, 2 young (2048K), 2 survivors (2048K)
 Metaspace       used 138085K, capacity 141894K, committed 142412K, reserved 1173504K
  class space    used 17502K, capacity 18880K, committed 19020K, reserved 1048576K
}
Event: 389.278 GC heap before
{Heap before GC invocations=71 (full 0):
 garbage-first heap   total 292864K, used 181878K [0x0000000080000000, 0x0000000100000000)
  region size 1024K, 14 young (14336K), 2 survivors (2048K)
 Metaspace       used 138099K, capacity 141894K, committed 142412K, reserved 1173504K
  class space    used 17502K, capacity 18880K, committed 19020K, reserved 1048576K
}
Event: 389.283 GC heap after
{Heap after GC invocations=72 (full 0):
 garbage-first heap   total 292864K, used 167562K [0x0000000080000000, 0x0000000100000000)
  region size 1024K, 1 young (1024K), 1 survivors (1024K)
 Metaspace       used 138099K, capacity 141894K, committed 142412K, reserved 1173504K
  class space    used 17502K, capacity 18880K, committed 19020K, reserved 1048576K
}
Event: 389.914 GC heap before
{Heap before GC invocations=72 (full 0):
 garbage-first heap   total 292864K, used 237194K [0x0000000080000000, 0x0000000100000000)
  region size 1024K, 70 young (71680K), 1 survivors (1024K)
 Metaspace       used 138219K, capacity 142082K, committed 142540K, reserved 1173504K
  class space    used 17509K, capacity 18921K, committed 19148K, reserved 1048576K
}
Event: 389.973 GC heap after
{Heap after GC invocations=73 (full 0):
 garbage-first heap   total 292864K, used 167707K [0x0000000080000000, 0x0000000100000000)
  region size 1024K, 1 young (1024K), 1 survivors (1024K)
 Metaspace       used 138219K, capacity 142082K, committed 142540K, reserved 1173504K
  class space    used 17509K, capacity 18921K, committed 19148K, reserved 1048576K
}
Event: 390.853 GC heap before
{Heap before GC invocations=73 (full 0):
 garbage-first heap   total 292864K, used 240411K [0x0000000080000000, 0x0000000100000000)
  region size 1024K, 72 young (73728K), 1 survivors (1024K)
 Metaspace       used 139001K, capacity 142968K, committed 143308K, reserved 1173504K
  class space    used 17594K, capacity 19022K, committed 19148K, reserved 1048576K
}
Event: 390.887 GC heap after
{Heap after GC invocations=74 (full 0):
 garbage-first heap   total 292864K, used 168170K [0x0000000080000000, 0x0000000100000000)
  region size 1024K, 2 young (2048K), 2 survivors (2048K)
 Metaspace       used 139001K, capacity 142968K, committed 143308K, reserved 1173504K
  class space    used 17594K, capacity 19022K, committed 19148K, reserved 1048576K
}
Event: 391.274 GC heap before
{Heap before GC invocations=74 (full 0):
 garbage-first heap   total 292864K, used 241898K [0x0000000080000000, 0x0000000100000000)
  region size 1024K, 74 young (75776K), 2 survivors (2048K)
 Metaspace       used 140018K, capacity 144082K, committed 144204K, reserved 1173504K
  class space    used 17716K, capacity 19232K, committed 19276K, reserved 1048576K
}
Event: 391.346 GC heap after
{Heap after GC invocations=75 (full 0):
 garbage-first heap   total 352256K, used 167918K [0x0000000080000000, 0x0000000100000000)
  region size 1024K, 2 young (2048K), 2 survivors (2048K)
 Metaspace       used 140018K, capacity 144082K, committed 144204K, reserved 1173504K
  class space    used 17716K, capacity 19232K, committed 19276K, reserved 1048576K
}
Event: 392.918 GC heap before
{Heap before GC invocations=76 (full 0):
 garbage-first heap   total 352256K, used 281582K [0x0000000080000000, 0x0000000100000000)
  region size 1024K, 113 young (115712K), 2 survivors (2048K)
 Metaspace       used 140055K, capacity 144088K, committed 144204K, reserved 1173504K
  class space    used 17716K, capacity 19233K, committed 19276K, reserved 1048576K
}
Event: 392.931 GC heap after
{Heap after GC invocations=77 (full 0):
 garbage-first heap   total 352256K, used 168404K [0x0000000080000000, 0x0000000100000000)
  region size 1024K, 2 young (2048K), 2 survivors (2048K)
 Metaspace       used 140055K, capacity 144088K, committed 144204K, reserved 1173504K
  class space    used 17716K, capacity 19233K, committed 19276K, reserved 1048576K
}
Event: 393.835 GC heap before
{Heap before GC invocations=77 (full 0):
 garbage-first heap   total 352256K, used 297428K [0x0000000080000000, 0x0000000100000000)
  region size 1024K, 129 young (132096K), 2 survivors (2048K)
 Metaspace       used 140165K, capacity 144317K, committed 144460K, reserved 1175552K
  class space    used 17720K, capacity 19241K, committed 19276K, reserved 1048576K
}
Event: 393.943 GC heap after
{Heap after GC invocations=78 (full 0):
 garbage-first heap   total 352256K, used 170951K [0x0000000080000000, 0x0000000100000000)
  region size 1024K, 5 young (5120K), 5 survivors (5120K)
 Metaspace       used 140165K, capacity 144317K, committed 144460K, reserved 1175552K
  class space    used 17720K, capacity 19241K, committed 19276K, reserved 1048576K
}
Event: 394.884 GC heap before
{Heap before GC invocations=78 (full 0):
 garbage-first heap   total 352256K, used 300999K [0x0000000080000000, 0x0000000100000000)
  region size 1024K, 132 young (135168K), 5 survivors (5120K)
 Metaspace       used 140280K, capacity 144410K, committed 144460K, reserved 1175552K
  class space    used 17723K, capacity 19244K, committed 19276K, reserved 1048576K
}
Event: 394.963 GC heap after
{Heap after GC invocations=79 (full 0):
 garbage-first heap   total 352256K, used 172000K [0x0000000080000000, 0x0000000100000000)
  region size 1024K, 6 young (6144K), 6 survivors (6144K)
 Metaspace       used 140280K, capacity 144410K, committed 144460K, reserved 1175552K
  class space    used 17723K, capacity 19244K, committed 19276K, reserved 1048576K
}
Event: 401.078 GC heap before
{Heap before GC invocations=79 (full 0):
 garbage-first heap   total 352256K, used 344032K [0x0000000080000000, 0x0000000100000000)
  region size 1024K, 133 young (136192K), 6 survivors (6144K)
 Metaspace       used 141477K, capacity 145630K, committed 145868K, reserved 1175552K
  class space    used 17847K, capacity 19361K, committed 19404K, reserved 1048576K
}
Event: 401.835 GC heap after
{Heap after GC invocations=80 (full 0):
 garbage-first heap   total 399360K, used 244020K [0x0000000080000000, 0x0000000100000000)
  region size 1024K, 17 young (17408K), 17 survivors (17408K)
 Metaspace       used 141477K, capacity 145630K, committed 145868K, reserved 1175552K
  class space    used 17847K, capacity 19361K, committed 19404K, reserved 1048576K
}
Event: 402.583 GC heap before
{Heap before GC invocations=80 (full 0):
 garbage-first heap   total 399360K, used 245044K [0x0000000080000000, 0x0000000100000000)
  region size 1024K, 19 young (19456K), 17 survivors (17408K)
 Metaspace       used 141478K, capacity 145630K, committed 145868K, reserved 1175552K
  class space    used 17847K, capacity 19361K, committed 19404K, reserved 1048576K
}

